{"D:/proyectos/Portafolio/src/assets/i18n.ts": {"path":"D:/proyectos/Portafolio/src/assets/i18n.ts","statementMap":{"0":{"start":{"line":6,"column":0},"end":{"line":19,"column":null}}},"fnMap":{},"branchMap":{},"s":{"0":0},"f":{},"b":{}}
,"D:/proyectos/Portafolio/src/components/IntroAnimation.tsx": {"path":"D:/proyectos/Portafolio/src/components/IntroAnimation.tsx","statementMap":{"0":{"start":{"line":3,"column":18},"end":{"line":12,"column":null}},"1":{"start":{"line":14,"column":23},"end":{"line":40,"column":null}},"2":{"start":{"line":16,"column":2},"end":{"line":38,"column":null}}},"fnMap":{"0":{"name":"(anonymous_0)","decl":{"start":{"line":14,"column":23},"end":{"line":14,"column":24}},"loc":{"start":{"line":14,"column":107},"end":{"line":40,"column":null}}}},"branchMap":{"0":{"loc":{"start":{"line":18,"column":7},"end":{"line":36,"column":null}},"type":"binary-expr","locations":[{"start":{"line":18,"column":7},"end":{"line":18,"column":null}},{"start":{"line":19,"column":8},"end":{"line":36,"column":null}}]}},"s":{"0":0,"1":0,"2":0},"f":{"0":0},"b":{"0":[0,0]}}
,"D:/proyectos/Portafolio/src/components/RotatingGlobe/RotatingGlobe.tsx": {"path":"D:/proyectos/Portafolio/src/components/RotatingGlobe/RotatingGlobe.tsx","statementMap":{"0":{"start":{"line":8,"column":19},"end":{"line":8,"column":null}},"1":{"start":{"line":9,"column":18},"end":{"line":9,"column":null}},"2":{"start":{"line":15,"column":2},"end":{"line":19,"column":null}},"3":{"start":{"line":16,"column":5},"end":{"line":18,"column":null}},"4":{"start":{"line":17,"column":6},"end":{"line":17,"column":null}},"5":{"start":{"line":21,"column":2},"end":{"line":25,"column":null}},"6":{"start":{"line":35,"column":2},"end":{"line":41,"column":null}}},"fnMap":{"0":{"name":"RotatingGlobe","decl":{"start":{"line":7,"column":9},"end":{"line":7,"column":25}},"loc":{"start":{"line":7,"column":25},"end":{"line":27,"column":1}}},"1":{"name":"(anonymous_1)","decl":{"start":{"line":15,"column":11},"end":{"line":15,"column":17}},"loc":{"start":{"line":15,"column":17},"end":{"line":19,"column":3}}},"2":{"name":"GlobeScene","decl":{"start":{"line":34,"column":24},"end":{"line":34,"column":37}},"loc":{"start":{"line":34,"column":37},"end":{"line":43,"column":1}}}},"branchMap":{"0":{"loc":{"start":{"line":16,"column":5},"end":{"line":18,"column":null}},"type":"if","locations":[{"start":{"line":16,"column":5},"end":{"line":18,"column":null}},{"start":{},"end":{}}]}},"s":{"0":0,"1":0,"2":0,"3":0,"4":0,"5":0,"6":0},"f":{"0":0,"1":0,"2":0},"b":{"0":[0,0]}}
,"D:/proyectos/Portafolio/src/components/btns/dawnAnimatedBtn/DawnAnimatedBtn.tsx": {"path":"D:/proyectos/Portafolio/src/components/btns/dawnAnimatedBtn/DawnAnimatedBtn.tsx","statementMap":{"0":{"start":{"line":5,"column":24},"end":{"line":11,"column":null}},"1":{"start":{"line":6,"column":2},"end":{"line":9,"column":null}}},"fnMap":{"0":{"name":"(anonymous_0)","decl":{"start":{"line":5,"column":24},"end":{"line":5,"column":25}},"loc":{"start":{"line":5,"column":88},"end":{"line":11,"column":null}}}},"branchMap":{"0":{"loc":{"start":{"line":5,"column":27},"end":{"line":5,"column":47}},"type":"default-arg","locations":[{"start":{"line":5,"column":36},"end":{"line":5,"column":47}}]},"1":{"loc":{"start":{"line":5,"column":47},"end":{"line":5,"column":60}},"type":"default-arg","locations":[{"start":{"line":5,"column":58},"end":{"line":5,"column":60}}]}},"s":{"0":1,"1":1},"f":{"0":1},"b":{"0":[0],"1":[0]}}
,"D:/proyectos/Portafolio/src/components/btns/dragablaBtn/DragableBtn.tsx": {"path":"D:/proyectos/Portafolio/src/components/btns/dragablaBtn/DragableBtn.tsx","statementMap":{"0":{"start":{"line":6,"column":20},"end":{"line":34,"column":null}},"1":{"start":{"line":8,"column":92},"end":{"line":8,"column":null}},"2":{"start":{"line":10,"column":2},"end":{"line":32,"column":null}}},"fnMap":{"0":{"name":"(anonymous_0)","decl":{"start":{"line":6,"column":20},"end":{"line":6,"column":21}},"loc":{"start":{"line":6,"column":87},"end":{"line":34,"column":null}}}},"branchMap":{"0":{"loc":{"start":{"line":6,"column":23},"end":{"line":6,"column":44}},"type":"default-arg","locations":[{"start":{"line":6,"column":31},"end":{"line":6,"column":44}}]},"1":{"loc":{"start":{"line":27,"column":44},"end":{"line":27,"column":74}},"type":"cond-expr","locations":[{"start":{"line":27,"column":56},"end":{"line":27,"column":66}},{"start":{"line":27,"column":66},"end":{"line":27,"column":74}}]}},"s":{"0":1,"1":1,"2":1},"f":{"0":1},"b":{"0":[0],"1":[0,1]}}
,"D:/proyectos/Portafolio/src/components/btns/dragablaBtn/useDragableBtn.tsx": {"path":"D:/proyectos/Portafolio/src/components/btns/dragablaBtn/useDragableBtn.tsx","statementMap":{"0":{"start":{"line":4,"column":23},"end":{"line":101,"column":null}},"1":{"start":{"line":6,"column":19},"end":{"line":6,"column":null}},"2":{"start":{"line":7,"column":17},"end":{"line":7,"column":null}},"3":{"start":{"line":8,"column":36},"end":{"line":8,"column":null}},"4":{"start":{"line":9,"column":23},"end":{"line":9,"column":null}},"5":{"start":{"line":10,"column":26},"end":{"line":10,"column":null}},"6":{"start":{"line":13,"column":2},"end":{"line":57,"column":null}},"7":{"start":{"line":14,"column":4},"end":{"line":14,"column":null}},"8":{"start":{"line":14,"column":53},"end":{"line":14,"column":null}},"9":{"start":{"line":16,"column":19},"end":{"line":16,"column":null}},"10":{"start":{"line":17,"column":22},"end":{"line":17,"column":null}},"11":{"start":{"line":18,"column":19},"end":{"line":18,"column":null}},"12":{"start":{"line":20,"column":28},"end":{"line":41,"column":null}},"13":{"start":{"line":21,"column":6},"end":{"line":21,"column":null}},"14":{"start":{"line":21,"column":22},"end":{"line":21,"column":null}},"15":{"start":{"line":23,"column":19},"end":{"line":23,"column":null}},"16":{"start":{"line":24,"column":22},"end":{"line":24,"column":null}},"17":{"start":{"line":25,"column":22},"end":{"line":25,"column":null}},"18":{"start":{"line":28,"column":21},"end":{"line":28,"column":null}},"19":{"start":{"line":29,"column":21},"end":{"line":29,"column":null}},"20":{"start":{"line":32,"column":20},"end":{"line":32,"column":null}},"21":{"start":{"line":33,"column":20},"end":{"line":33,"column":null}},"22":{"start":{"line":35,"column":6},"end":{"line":40,"column":null}},"23":{"start":{"line":43,"column":4},"end":{"line":45,"column":null}},"24":{"start":{"line":44,"column":6},"end":{"line":44,"column":null}},"25":{"start":{"line":47,"column":4},"end":{"line":56,"column":null}},"26":{"start":{"line":48,"column":6},"end":{"line":48,"column":null}},"27":{"start":{"line":50,"column":6},"end":{"line":55,"column":null}},"28":{"start":{"line":59,"column":27},"end":{"line":68,"column":null}},"29":{"start":{"line":60,"column":4},"end":{"line":60,"column":null}},"30":{"start":{"line":61,"column":4},"end":{"line":67,"column":null}},"31":{"start":{"line":62,"column":6},"end":{"line":66,"column":null}},"32":{"start":{"line":70,"column":27},"end":{"line":89,"column":null}},"33":{"start":{"line":71,"column":4},"end":{"line":71,"column":null}},"34":{"start":{"line":72,"column":4},"end":{"line":79,"column":null}},"35":{"start":{"line":73,"column":6},"end":{"line":78,"column":null}},"36":{"start":{"line":81,"column":4},"end":{"line":88,"column":null}},"37":{"start":{"line":82,"column":6},"end":{"line":87,"column":null}},"38":{"start":{"line":92,"column":2},"end":{"line":100,"column":null}}},"fnMap":{"0":{"name":"(anonymous_0)","decl":{"start":{"line":4,"column":23},"end":{"line":4,"column":29}},"loc":{"start":{"line":4,"column":29},"end":{"line":101,"column":null}}},"1":{"name":"(anonymous_1)","decl":{"start":{"line":13,"column":12},"end":{"line":13,"column":18}},"loc":{"start":{"line":13,"column":18},"end":{"line":57,"column":5}}},"2":{"name":"(anonymous_2)","decl":{"start":{"line":20,"column":28},"end":{"line":20,"column":29}},"loc":{"start":{"line":20,"column":47},"end":{"line":41,"column":null}}},"3":{"name":"(anonymous_3)","decl":{"start":{"line":47,"column":11},"end":{"line":47,"column":17}},"loc":{"start":{"line":47,"column":17},"end":{"line":56,"column":null}}},"4":{"name":"(anonymous_4)","decl":{"start":{"line":59,"column":27},"end":{"line":59,"column":33}},"loc":{"start":{"line":59,"column":33},"end":{"line":68,"column":null}}},"5":{"name":"(anonymous_5)","decl":{"start":{"line":70,"column":27},"end":{"line":70,"column":33}},"loc":{"start":{"line":70,"column":33},"end":{"line":89,"column":null}}}},"branchMap":{"0":{"loc":{"start":{"line":14,"column":4},"end":{"line":14,"column":null}},"type":"if","locations":[{"start":{"line":14,"column":4},"end":{"line":14,"column":null}},{"start":{},"end":{}}]},"1":{"loc":{"start":{"line":14,"column":8},"end":{"line":14,"column":53}},"type":"binary-expr","locations":[{"start":{"line":14,"column":8},"end":{"line":14,"column":30}},{"start":{"line":14,"column":30},"end":{"line":14,"column":53}}]},"2":{"loc":{"start":{"line":21,"column":6},"end":{"line":21,"column":null}},"type":"if","locations":[{"start":{"line":21,"column":6},"end":{"line":21,"column":null}},{"start":{},"end":{}}]},"3":{"loc":{"start":{"line":43,"column":4},"end":{"line":45,"column":null}},"type":"if","locations":[{"start":{"line":43,"column":4},"end":{"line":45,"column":null}},{"start":{},"end":{}}]},"4":{"loc":{"start":{"line":61,"column":4},"end":{"line":67,"column":null}},"type":"if","locations":[{"start":{"line":61,"column":4},"end":{"line":67,"column":null}},{"start":{},"end":{}}]},"5":{"loc":{"start":{"line":72,"column":4},"end":{"line":79,"column":null}},"type":"if","locations":[{"start":{"line":72,"column":4},"end":{"line":79,"column":null}},{"start":{},"end":{}}]},"6":{"loc":{"start":{"line":81,"column":4},"end":{"line":88,"column":null}},"type":"if","locations":[{"start":{"line":81,"column":4},"end":{"line":88,"column":null}},{"start":{},"end":{}}]}},"s":{"0":1,"1":1,"2":1,"3":1,"4":1,"5":1,"6":1,"7":1,"8":0,"9":1,"10":1,"11":1,"12":1,"13":0,"14":0,"15":0,"16":0,"17":0,"18":0,"19":0,"20":0,"21":0,"22":0,"23":1,"24":0,"25":1,"26":1,"27":1,"28":1,"29":0,"30":0,"31":0,"32":1,"33":0,"34":0,"35":0,"36":0,"37":0,"38":1},"f":{"0":1,"1":1,"2":0,"3":1,"4":0,"5":0},"b":{"0":[0,1],"1":[1,1],"2":[0,0],"3":[0,1],"4":[0,0],"5":[0,0],"6":[0,0]}}
,"D:/proyectos/Portafolio/src/components/btns/floatBtn/FloatBtn.tsx": {"path":"D:/proyectos/Portafolio/src/components/btns/floatBtn/FloatBtn.tsx","statementMap":{"0":{"start":{"line":7,"column":17},"end":{"line":27,"column":null}},"1":{"start":{"line":8,"column":25},"end":{"line":8,"column":null}},"2":{"start":{"line":10,"column":2},"end":{"line":25,"column":null}}},"fnMap":{"0":{"name":"(anonymous_0)","decl":{"start":{"line":7,"column":17},"end":{"line":7,"column":23}},"loc":{"start":{"line":7,"column":23},"end":{"line":27,"column":null}}}},"branchMap":{"0":{"loc":{"start":{"line":13,"column":9},"end":{"line":21,"column":null}},"type":"binary-expr","locations":[{"start":{"line":13,"column":9},"end":{"line":13,"column":null}},{"start":{"line":14,"column":10},"end":{"line":21,"column":null}}]}},"s":{"0":0,"1":0,"2":0},"f":{"0":0},"b":{"0":[0,0]}}
,"D:/proyectos/Portafolio/src/components/btns/lenguageSwitcher/LengugeSwitcher.tsx": {"path":"D:/proyectos/Portafolio/src/components/btns/lenguageSwitcher/LengugeSwitcher.tsx","statementMap":{"0":{"start":{"line":4,"column":35},"end":{"line":36,"column":null}},"1":{"start":{"line":5,"column":22},"end":{"line":5,"column":null}},"2":{"start":{"line":7,"column":25},"end":{"line":9,"column":null}},"3":{"start":{"line":8,"column":4},"end":{"line":8,"column":null}},"4":{"start":{"line":11,"column":2},"end":{"line":34,"column":null}}},"fnMap":{"0":{"name":"(anonymous_0)","decl":{"start":{"line":4,"column":35},"end":{"line":4,"column":41}},"loc":{"start":{"line":4,"column":41},"end":{"line":36,"column":null}}},"1":{"name":"(anonymous_1)","decl":{"start":{"line":7,"column":25},"end":{"line":7,"column":31}},"loc":{"start":{"line":7,"column":31},"end":{"line":9,"column":null}}}},"branchMap":{"0":{"loc":{"start":{"line":8,"column":24},"end":{"line":8,"column":60}},"type":"cond-expr","locations":[{"start":{"line":8,"column":49},"end":{"line":8,"column":56}},{"start":{"line":8,"column":56},"end":{"line":8,"column":60}}]},"1":{"loc":{"start":{"line":21,"column":12},"end":{"line":21,"column":66}},"type":"cond-expr","locations":[{"start":{"line":21,"column":37},"end":{"line":21,"column":48}},{"start":{"line":21,"column":48},"end":{"line":21,"column":66}}]},"2":{"loc":{"start":{"line":25,"column":11},"end":{"line":25,"column":null}},"type":"cond-expr","locations":[{"start":{"line":25,"column":36},"end":{"line":25,"column":43}},{"start":{"line":25,"column":43},"end":{"line":25,"column":null}}]}},"s":{"0":0,"1":0,"2":0,"3":0,"4":0},"f":{"0":0,"1":0},"b":{"0":[0,0],"1":[0,0],"2":[0,0]}}
,"D:/proyectos/Portafolio/src/components/btns/switchBtn/SwitchBtn.tsx": {"path":"D:/proyectos/Portafolio/src/components/btns/switchBtn/SwitchBtn.tsx","statementMap":{"0":{"start":{"line":6,"column":18},"end":{"line":34,"column":null}},"1":{"start":{"line":7,"column":25},"end":{"line":7,"column":null}},"2":{"start":{"line":9,"column":22},"end":{"line":13,"column":null}},"3":{"start":{"line":10,"column":2},"end":{"line":10,"column":null}},"4":{"start":{"line":12,"column":2},"end":{"line":12,"column":null}},"5":{"start":{"line":15,"column":1},"end":{"line":32,"column":null}}},"fnMap":{"0":{"name":"(anonymous_0)","decl":{"start":{"line":6,"column":18},"end":{"line":6,"column":19}},"loc":{"start":{"line":6,"column":86},"end":{"line":34,"column":null}}},"1":{"name":"(anonymous_1)","decl":{"start":{"line":9,"column":22},"end":{"line":9,"column":27}},"loc":{"start":{"line":9,"column":27},"end":{"line":13,"column":null}}}},"branchMap":{"0":{"loc":{"start":{"line":12,"column":15},"end":{"line":12,"column":33}},"type":"cond-expr","locations":[{"start":{"line":12,"column":22},"end":{"line":12,"column":29}},{"start":{"line":12,"column":29},"end":{"line":12,"column":33}}]},"1":{"loc":{"start":{"line":19,"column":31},"end":{"line":19,"column":null}},"type":"cond-expr","locations":[{"start":{"line":19,"column":38},"end":{"line":19,"column":48}},{"start":{"line":19,"column":48},"end":{"line":19,"column":null}}]}},"s":{"0":0,"1":0,"2":0,"3":0,"4":0,"5":0},"f":{"0":0,"1":0},"b":{"0":[0,0],"1":[0,0]}}
,"D:/proyectos/Portafolio/src/components/customParallax/CustomParallax.tsx": {"path":"D:/proyectos/Portafolio/src/components/customParallax/CustomParallax.tsx","statementMap":{"0":{"start":{"line":3,"column":23},"end":{"line":22,"column":null}},"1":{"start":{"line":4,"column":2},"end":{"line":20,"column":null}}},"fnMap":{"0":{"name":"(anonymous_0)","decl":{"start":{"line":3,"column":23},"end":{"line":3,"column":24}},"loc":{"start":{"line":3,"column":72},"end":{"line":22,"column":null}}}},"branchMap":{},"s":{"0":0,"1":0},"f":{"0":0},"b":{}}
,"D:/proyectos/Portafolio/src/components/navBar/NavBar.tsx": {"path":"D:/proyectos/Portafolio/src/components/navBar/NavBar.tsx","statementMap":{"0":{"start":{"line":8,"column":15},"end":{"line":87,"column":null}},"1":{"start":{"line":9,"column":59},"end":{"line":9,"column":null}},"2":{"start":{"line":11,"column":2},"end":{"line":85,"column":null}},"3":{"start":{"line":38,"column":16},"end":{"line":46,"column":null}},"4":{"start":{"line":42,"column":22},"end":{"line":42,"column":null}},"5":{"start":{"line":43,"column":22},"end":{"line":43,"column":null}},"6":{"start":{"line":72,"column":14},"end":{"line":80,"column":null}}},"fnMap":{"0":{"name":"(anonymous_0)","decl":{"start":{"line":8,"column":15},"end":{"line":8,"column":21}},"loc":{"start":{"line":8,"column":21},"end":{"line":87,"column":null}}},"1":{"name":"(anonymous_1)","decl":{"start":{"line":37,"column":28},"end":{"line":37,"column":29}},"loc":{"start":{"line":38,"column":16},"end":{"line":46,"column":null}}},"2":{"name":"(anonymous_2)","decl":{"start":{"line":41,"column":29},"end":{"line":41,"column":35}},"loc":{"start":{"line":41,"column":35},"end":{"line":44,"column":null}}},"3":{"name":"(anonymous_3)","decl":{"start":{"line":71,"column":26},"end":{"line":71,"column":27}},"loc":{"start":{"line":72,"column":14},"end":{"line":80,"column":null}}}},"branchMap":{"0":{"loc":{"start":{"line":57,"column":13},"end":{"line":57,"column":null}},"type":"cond-expr","locations":[{"start":{"line":57,"column":22},"end":{"line":57,"column":40}},{"start":{"line":57,"column":40},"end":{"line":57,"column":null}}]},"1":{"loc":{"start":{"line":66,"column":10},"end":{"line":66,"column":null}},"type":"cond-expr","locations":[{"start":{"line":66,"column":19},"end":{"line":66,"column":37}},{"start":{"line":66,"column":37},"end":{"line":66,"column":null}}]}},"s":{"0":0,"1":0,"2":0,"3":0,"4":0,"5":0,"6":0},"f":{"0":0,"1":0,"2":0,"3":0},"b":{"0":[0,0],"1":[0,0]}}
,"D:/proyectos/Portafolio/src/components/navBar/useNavBar.tsx": {"path":"D:/proyectos/Portafolio/src/components/navBar/useNavBar.tsx","statementMap":{"0":{"start":{"line":6,"column":18},"end":{"line":43,"column":null}},"1":{"start":{"line":8,"column":29},"end":{"line":8,"column":null}},"2":{"start":{"line":9,"column":30},"end":{"line":9,"column":null}},"3":{"start":{"line":10,"column":30},"end":{"line":10,"column":null}},"4":{"start":{"line":11,"column":30},"end":{"line":11,"column":null}},"5":{"start":{"line":14,"column":30},"end":{"line":14,"column":null}},"6":{"start":{"line":16,"column":19},"end":{"line":20,"column":null}},"7":{"start":{"line":22,"column":1},"end":{"line":25,"column":null}},"8":{"start":{"line":23,"column":4},"end":{"line":23,"column":null}},"9":{"start":{"line":27,"column":20},"end":{"line":29,"column":null}},"10":{"start":{"line":28,"column":4},"end":{"line":28,"column":null}},"11":{"start":{"line":31,"column":19},"end":{"line":33,"column":null}},"12":{"start":{"line":32,"column":4},"end":{"line":32,"column":null}},"13":{"start":{"line":36,"column":2},"end":{"line":42,"column":null}}},"fnMap":{"0":{"name":"(anonymous_0)","decl":{"start":{"line":6,"column":18},"end":{"line":6,"column":24}},"loc":{"start":{"line":6,"column":24},"end":{"line":43,"column":null}}},"1":{"name":"(anonymous_1)","decl":{"start":{"line":22,"column":11},"end":{"line":22,"column":17}},"loc":{"start":{"line":22,"column":17},"end":{"line":25,"column":5}}},"2":{"name":"(anonymous_2)","decl":{"start":{"line":27,"column":20},"end":{"line":27,"column":26}},"loc":{"start":{"line":27,"column":26},"end":{"line":29,"column":null}}},"3":{"name":"(anonymous_3)","decl":{"start":{"line":31,"column":19},"end":{"line":31,"column":25}},"loc":{"start":{"line":31,"column":25},"end":{"line":33,"column":null}}}},"branchMap":{},"s":{"0":0,"1":0,"2":0,"3":0,"4":0,"5":0,"6":0,"7":0,"8":0,"9":0,"10":0,"11":0,"12":0,"13":0},"f":{"0":0,"1":0,"2":0,"3":0},"b":{}}
,"D:/proyectos/Portafolio/src/components/typegriter/TypeWriter.tsx": {"path":"D:/proyectos/Portafolio/src/components/typegriter/TypeWriter.tsx","statementMap":{"0":{"start":{"line":6,"column":46},"end":{"line":25,"column":null}},"1":{"start":{"line":15,"column":26},"end":{"line":15,"column":null}},"2":{"start":{"line":17,"column":2},"end":{"line":23,"column":null}}},"fnMap":{"0":{"name":"(anonymous_0)","decl":{"start":{"line":6,"column":46},"end":{"line":6,"column":47}},"loc":{"start":{"line":14,"column":6},"end":{"line":25,"column":null}}}},"branchMap":{"0":{"loc":{"start":{"line":8,"column":2},"end":{"line":8,"column":null}},"type":"default-arg","locations":[{"start":{"line":8,"column":16},"end":{"line":8,"column":null}}]},"1":{"loc":{"start":{"line":9,"column":2},"end":{"line":9,"column":null}},"type":"default-arg","locations":[{"start":{"line":9,"column":18},"end":{"line":9,"column":null}}]},"2":{"loc":{"start":{"line":10,"column":2},"end":{"line":10,"column":null}},"type":"default-arg","locations":[{"start":{"line":10,"column":22},"end":{"line":10,"column":null}}]},"3":{"loc":{"start":{"line":11,"column":2},"end":{"line":11,"column":null}},"type":"default-arg","locations":[{"start":{"line":11,"column":14},"end":{"line":11,"column":null}}]},"4":{"loc":{"start":{"line":12,"column":2},"end":{"line":12,"column":null}},"type":"default-arg","locations":[{"start":{"line":12,"column":20},"end":{"line":12,"column":null}}]},"5":{"loc":{"start":{"line":13,"column":2},"end":{"line":13,"column":null}},"type":"default-arg","locations":[{"start":{"line":13,"column":13},"end":{"line":13,"column":null}}]}},"s":{"0":0,"1":0,"2":0},"f":{"0":0},"b":{"0":[0],"1":[0],"2":[0],"3":[0],"4":[0],"5":[0]}}
,"D:/proyectos/Portafolio/src/components/typegriter/useTypeWriter.tsx": {"path":"D:/proyectos/Portafolio/src/components/typegriter/useTypeWriter.tsx","statementMap":{"0":{"start":{"line":4,"column":22},"end":{"line":52,"column":null}},"1":{"start":{"line":6,"column":49},"end":{"line":6,"column":null}},"2":{"start":{"line":7,"column":40},"end":{"line":7,"column":null}},"3":{"start":{"line":8,"column":38},"end":{"line":8,"column":null}},"4":{"start":{"line":10,"column":1},"end":{"line":46,"column":null}},"5":{"start":{"line":12,"column":4},"end":{"line":12,"column":null}},"6":{"start":{"line":12,"column":28},"end":{"line":12,"column":null}},"7":{"start":{"line":14,"column":28},"end":{"line":14,"column":null}},"8":{"start":{"line":18,"column":4},"end":{"line":43,"column":null}},"9":{"start":{"line":20,"column":6},"end":{"line":22,"column":null}},"10":{"start":{"line":21,"column":8},"end":{"line":21,"column":null}},"11":{"start":{"line":24,"column":4},"end":{"line":43,"column":null}},"12":{"start":{"line":26,"column":6},"end":{"line":26,"column":null}},"13":{"start":{"line":26,"column":33},"end":{"line":26,"column":54}},"14":{"start":{"line":28,"column":4},"end":{"line":43,"column":null}},"15":{"start":{"line":30,"column":6},"end":{"line":32,"column":null}},"16":{"start":{"line":31,"column":8},"end":{"line":31,"column":null}},"17":{"start":{"line":34,"column":4},"end":{"line":43,"column":null}},"18":{"start":{"line":36,"column":6},"end":{"line":41,"column":null}},"19":{"start":{"line":37,"column":14},"end":{"line":37,"column":null}},"20":{"start":{"line":38,"column":8},"end":{"line":38,"column":null}},"21":{"start":{"line":38,"column":42},"end":{"line":38,"column":null}},"22":{"start":{"line":39,"column":8},"end":{"line":39,"column":null}},"23":{"start":{"line":40,"column":8},"end":{"line":40,"column":null}},"24":{"start":{"line":45,"column":4},"end":{"line":45,"column":null}},"25":{"start":{"line":45,"column":17},"end":{"line":45,"column":null}},"26":{"start":{"line":49,"column":2},"end":{"line":51,"column":null}}},"fnMap":{"0":{"name":"(anonymous_0)","decl":{"start":{"line":4,"column":22},"end":{"line":4,"column":23}},"loc":{"start":{"line":4,"column":112},"end":{"line":52,"column":null}}},"1":{"name":"(anonymous_1)","decl":{"start":{"line":10,"column":11},"end":{"line":10,"column":17}},"loc":{"start":{"line":10,"column":17},"end":{"line":46,"column":5}}},"2":{"name":"(anonymous_2)","decl":{"start":{"line":20,"column":27},"end":{"line":20,"column":33}},"loc":{"start":{"line":20,"column":33},"end":{"line":22,"column":9}}},"3":{"name":"(anonymous_3)","decl":{"start":{"line":26,"column":27},"end":{"line":26,"column":33}},"loc":{"start":{"line":26,"column":33},"end":{"line":26,"column":54}}},"4":{"name":"(anonymous_4)","decl":{"start":{"line":30,"column":27},"end":{"line":30,"column":33}},"loc":{"start":{"line":30,"column":33},"end":{"line":32,"column":9}}},"5":{"name":"(anonymous_5)","decl":{"start":{"line":36,"column":27},"end":{"line":36,"column":33}},"loc":{"start":{"line":36,"column":33},"end":{"line":41,"column":9}}},"6":{"name":"(anonymous_6)","decl":{"start":{"line":45,"column":11},"end":{"line":45,"column":17}},"loc":{"start":{"line":45,"column":17},"end":{"line":45,"column":null}}}},"branchMap":{"0":{"loc":{"start":{"line":12,"column":4},"end":{"line":12,"column":null}},"type":"if","locations":[{"start":{"line":12,"column":4},"end":{"line":12,"column":null}},{"start":{},"end":{}}]},"1":{"loc":{"start":{"line":18,"column":4},"end":{"line":43,"column":null}},"type":"if","locations":[{"start":{"line":18,"column":4},"end":{"line":43,"column":null}},{"start":{"line":24,"column":4},"end":{"line":43,"column":null}}]},"2":{"loc":{"start":{"line":18,"column":8},"end":{"line":18,"column":68}},"type":"binary-expr","locations":[{"start":{"line":18,"column":8},"end":{"line":18,"column":23}},{"start":{"line":18,"column":23},"end":{"line":18,"column":68}}]},"3":{"loc":{"start":{"line":24,"column":4},"end":{"line":43,"column":null}},"type":"if","locations":[{"start":{"line":24,"column":4},"end":{"line":43,"column":null}},{"start":{"line":28,"column":4},"end":{"line":43,"column":null}}]},"4":{"loc":{"start":{"line":24,"column":15},"end":{"line":24,"column":77}},"type":"binary-expr","locations":[{"start":{"line":24,"column":15},"end":{"line":24,"column":30}},{"start":{"line":24,"column":30},"end":{"line":24,"column":77}}]},"5":{"loc":{"start":{"line":28,"column":4},"end":{"line":43,"column":null}},"type":"if","locations":[{"start":{"line":28,"column":4},"end":{"line":43,"column":null}},{"start":{"line":34,"column":4},"end":{"line":43,"column":null}}]},"6":{"loc":{"start":{"line":28,"column":15},"end":{"line":28,"column":53}},"type":"binary-expr","locations":[{"start":{"line":28,"column":15},"end":{"line":28,"column":29}},{"start":{"line":28,"column":29},"end":{"line":28,"column":53}}]},"7":{"loc":{"start":{"line":34,"column":4},"end":{"line":43,"column":null}},"type":"if","locations":[{"start":{"line":34,"column":4},"end":{"line":43,"column":null}},{"start":{},"end":{}}]},"8":{"loc":{"start":{"line":34,"column":15},"end":{"line":34,"column":55}},"type":"binary-expr","locations":[{"start":{"line":34,"column":15},"end":{"line":34,"column":29}},{"start":{"line":34,"column":29},"end":{"line":34,"column":55}}]},"9":{"loc":{"start":{"line":38,"column":8},"end":{"line":38,"column":null}},"type":"if","locations":[{"start":{"line":38,"column":8},"end":{"line":38,"column":null}},{"start":{},"end":{}}]},"10":{"loc":{"start":{"line":38,"column":12},"end":{"line":38,"column":42}},"type":"binary-expr","locations":[{"start":{"line":38,"column":12},"end":{"line":38,"column":25}},{"start":{"line":38,"column":25},"end":{"line":38,"column":42}}]}},"s":{"0":0,"1":0,"2":0,"3":0,"4":0,"5":0,"6":0,"7":0,"8":0,"9":0,"10":0,"11":0,"12":0,"13":0,"14":0,"15":0,"16":0,"17":0,"18":0,"19":0,"20":0,"21":0,"22":0,"23":0,"24":0,"25":0,"26":0},"f":{"0":0,"1":0,"2":0,"3":0,"4":0,"5":0,"6":0},"b":{"0":[0,0],"1":[0,0],"2":[0,0],"3":[0,0],"4":[0,0],"5":[0,0],"6":[0,0],"7":[0,0],"8":[0,0],"9":[0,0],"10":[0,0]}}
,"D:/proyectos/Portafolio/src/context/PositionContext.tsx": {"path":"D:/proyectos/Portafolio/src/context/PositionContext.tsx","statementMap":{"0":{"start":{"line":7,"column":34},"end":{"line":13,"column":null}},"1":{"start":{"line":15,"column":32},"end":{"line":15,"column":null}},"2":{"start":{"line":19,"column":32},"end":{"line":59,"column":null}},"3":{"start":{"line":21,"column":34},"end":{"line":21,"column":null}},"4":{"start":{"line":23,"column":42},"end":{"line":23,"column":null}},"5":{"start":{"line":54,"column":2},"end":{"line":57,"column":null}},"6":{"start":{"line":62,"column":2},"end":{"line":62,"column":null}}},"fnMap":{"0":{"name":"(anonymous_0)","decl":{"start":{"line":11,"column":19},"end":{"line":11,"column":25}},"loc":{"start":{"line":11,"column":25},"end":{"line":11,"column":null}}},"1":{"name":"(anonymous_1)","decl":{"start":{"line":12,"column":15},"end":{"line":12,"column":21}},"loc":{"start":{"line":12,"column":21},"end":{"line":12,"column":null}}},"2":{"name":"(anonymous_2)","decl":{"start":{"line":19,"column":32},"end":{"line":19,"column":33}},"loc":{"start":{"line":19,"column":81},"end":{"line":59,"column":null}}},"3":{"name":"usePositionStore","decl":{"start":{"line":61,"column":16},"end":{"line":61,"column":35}},"loc":{"start":{"line":61,"column":35},"end":{"line":63,"column":1}}}},"branchMap":{},"s":{"0":0,"1":0,"2":0,"3":0,"4":0,"5":0,"6":0},"f":{"0":0,"1":0,"2":0,"3":0},"b":{}}
,"D:/proyectos/Portafolio/src/layout/Layout.tsx": {"path":"D:/proyectos/Portafolio/src/layout/Layout.tsx","statementMap":{"0":{"start":{"line":5,"column":15},"end":{"line":17,"column":null}},"1":{"start":{"line":7,"column":42},"end":{"line":7,"column":null}},"2":{"start":{"line":9,"column":2},"end":{"line":15,"column":null}}},"fnMap":{"0":{"name":"(anonymous_0)","decl":{"start":{"line":5,"column":15},"end":{"line":5,"column":21}},"loc":{"start":{"line":5,"column":21},"end":{"line":17,"column":null}}}},"branchMap":{},"s":{"0":0,"1":0,"2":0},"f":{"0":0},"b":{}}
,"D:/proyectos/Portafolio/src/layout/useLayout.tsx": {"path":"D:/proyectos/Portafolio/src/layout/useLayout.tsx","statementMap":{"0":{"start":{"line":3,"column":18},"end":{"line":12,"column":null}},"1":{"start":{"line":14,"column":18},"end":{"line":48,"column":null}},"2":{"start":{"line":16,"column":50},"end":{"line":16,"column":null}},"3":{"start":{"line":17,"column":36},"end":{"line":17,"column":null}},"4":{"start":{"line":18,"column":23},"end":{"line":18,"column":null}},"5":{"start":{"line":21,"column":2},"end":{"line":27,"column":null}},"6":{"start":{"line":22,"column":25},"end":{"line":24,"column":null}},"7":{"start":{"line":23,"column":6},"end":{"line":23,"column":null}},"8":{"start":{"line":23,"column":27},"end":{"line":23,"column":65}},"9":{"start":{"line":26,"column":4},"end":{"line":26,"column":null}},"10":{"start":{"line":26,"column":17},"end":{"line":26,"column":null}},"11":{"start":{"line":30,"column":2},"end":{"line":38,"column":null}},"12":{"start":{"line":31,"column":30},"end":{"line":31,"column":null}},"13":{"start":{"line":33,"column":18},"end":{"line":35,"column":null}},"14":{"start":{"line":34,"column":6},"end":{"line":34,"column":null}},"15":{"start":{"line":37,"column":4},"end":{"line":37,"column":null}},"16":{"start":{"line":37,"column":17},"end":{"line":37,"column":null}},"17":{"start":{"line":40,"column":2},"end":{"line":47,"column":null}}},"fnMap":{"0":{"name":"(anonymous_0)","decl":{"start":{"line":14,"column":18},"end":{"line":14,"column":24}},"loc":{"start":{"line":14,"column":24},"end":{"line":48,"column":null}}},"1":{"name":"(anonymous_1)","decl":{"start":{"line":21,"column":12},"end":{"line":21,"column":18}},"loc":{"start":{"line":21,"column":18},"end":{"line":27,"column":5}}},"2":{"name":"(anonymous_2)","decl":{"start":{"line":22,"column":37},"end":{"line":22,"column":43}},"loc":{"start":{"line":22,"column":43},"end":{"line":24,"column":7}}},"3":{"name":"(anonymous_3)","decl":{"start":{"line":23,"column":26},"end":{"line":23,"column":27}},"loc":{"start":{"line":23,"column":27},"end":{"line":23,"column":65}}},"4":{"name":"(anonymous_4)","decl":{"start":{"line":26,"column":11},"end":{"line":26,"column":17}},"loc":{"start":{"line":26,"column":17},"end":{"line":26,"column":null}}},"5":{"name":"(anonymous_5)","decl":{"start":{"line":30,"column":12},"end":{"line":30,"column":18}},"loc":{"start":{"line":30,"column":18},"end":{"line":38,"column":5}}},"6":{"name":"(anonymous_6)","decl":{"start":{"line":33,"column":29},"end":{"line":33,"column":35}},"loc":{"start":{"line":33,"column":35},"end":{"line":35,"column":7}}},"7":{"name":"(anonymous_7)","decl":{"start":{"line":37,"column":11},"end":{"line":37,"column":17}},"loc":{"start":{"line":37,"column":17},"end":{"line":37,"column":null}}}},"branchMap":{},"s":{"0":0,"1":0,"2":0,"3":0,"4":0,"5":0,"6":0,"7":0,"8":0,"9":0,"10":0,"11":0,"12":0,"13":0,"14":0,"15":0,"16":0,"17":0},"f":{"0":0,"1":0,"2":0,"3":0,"4":0,"5":0,"6":0,"7":0},"b":{}}
,"D:/proyectos/Portafolio/src/pages/aboutMe/skills/Skills.tsx": {"path":"D:/proyectos/Portafolio/src/pages/aboutMe/skills/Skills.tsx","statementMap":{"0":{"start":{"line":3,"column":24},"end":{"line":26,"column":null}},"1":{"start":{"line":34,"column":45},"end":{"line":49,"column":null}},"2":{"start":{"line":35,"column":2},"end":{"line":47,"column":null}},"3":{"start":{"line":51,"column":17},"end":{"line":181,"column":null}},"4":{"start":{"line":53,"column":47},"end":{"line":53,"column":null}},"5":{"start":{"line":55,"column":25},"end":{"line":57,"column":null}},"6":{"start":{"line":56,"column":4},"end":{"line":56,"column":null}},"7":{"start":{"line":59,"column":2},"end":{"line":179,"column":null}},"8":{"start":{"line":76,"column":14},"end":{"line":86,"column":null}},"9":{"start":{"line":78,"column":31},"end":{"line":78,"column":null}},"10":{"start":{"line":93,"column":14},"end":{"line":93,"column":null}}},"fnMap":{"0":{"name":"(anonymous_0)","decl":{"start":{"line":34,"column":45},"end":{"line":34,"column":46}},"loc":{"start":{"line":34,"column":60},"end":{"line":49,"column":null}}},"1":{"name":"(anonymous_1)","decl":{"start":{"line":51,"column":17},"end":{"line":51,"column":24}},"loc":{"start":{"line":51,"column":24},"end":{"line":181,"column":null}}},"2":{"name":"(anonymous_2)","decl":{"start":{"line":55,"column":39},"end":{"line":55,"column":40}},"loc":{"start":{"line":56,"column":4},"end":{"line":56,"column":null}}},"3":{"name":"(anonymous_3)","decl":{"start":{"line":75,"column":57},"end":{"line":75,"column":58}},"loc":{"start":{"line":76,"column":14},"end":{"line":86,"column":null}}},"4":{"name":"(anonymous_4)","decl":{"start":{"line":78,"column":25},"end":{"line":78,"column":31}},"loc":{"start":{"line":78,"column":31},"end":{"line":78,"column":null}}},"5":{"name":"(anonymous_5)","decl":{"start":{"line":92,"column":32},"end":{"line":92,"column":33}},"loc":{"start":{"line":93,"column":14},"end":{"line":93,"column":null}}}},"branchMap":{"0":{"loc":{"start":{"line":56,"column":4},"end":{"line":56,"column":null}},"type":"cond-expr","locations":[{"start":{"line":56,"column":31},"end":{"line":56,"column":38}},{"start":{"line":56,"column":38},"end":{"line":56,"column":null}}]},"1":{"loc":{"start":{"line":80,"column":18},"end":{"line":82,"column":null}},"type":"cond-expr","locations":[{"start":{"line":81,"column":22},"end":{"line":81,"column":null}},{"start":{"line":82,"column":22},"end":{"line":82,"column":null}}]}},"s":{"0":0,"1":0,"2":0,"3":0,"4":0,"5":0,"6":0,"7":0,"8":0,"9":0,"10":0},"f":{"0":0,"1":0,"2":0,"3":0,"4":0,"5":0},"b":{"0":[0,0],"1":[0,0]}}
,"D:/proyectos/Portafolio/src/pages/home/Home.tsx": {"path":"D:/proyectos/Portafolio/src/pages/home/Home.tsx","statementMap":{"0":{"start":{"line":8,"column":13},"end":{"line":37,"column":null}},"1":{"start":{"line":11,"column":2},"end":{"line":35,"column":null}}},"fnMap":{"0":{"name":"(anonymous_0)","decl":{"start":{"line":8,"column":13},"end":{"line":8,"column":14}},"loc":{"start":{"line":8,"column":52},"end":{"line":37,"column":null}}}},"branchMap":{"0":{"loc":{"start":{"line":16,"column":7},"end":{"line":33,"column":null}},"type":"binary-expr","locations":[{"start":{"line":16,"column":7},"end":{"line":16,"column":null}},{"start":{"line":17,"column":8},"end":{"line":33,"column":null}}]}},"s":{"0":0,"1":0},"f":{"0":0},"b":{"0":[0,0]}}
,"D:/proyectos/Portafolio/src/pages/home/Projects.tsx": {"path":"D:/proyectos/Portafolio/src/pages/home/Projects.tsx","statementMap":{"0":{"start":{"line":2,"column":17},"end":{"line":23,"column":null}},"1":{"start":{"line":3,"column":2},"end":{"line":21,"column":null}}},"fnMap":{"0":{"name":"(anonymous_0)","decl":{"start":{"line":2,"column":17},"end":{"line":2,"column":23}},"loc":{"start":{"line":2,"column":23},"end":{"line":23,"column":null}}}},"branchMap":{},"s":{"0":0,"1":0},"f":{"0":0},"b":{}}
,"D:/proyectos/Portafolio/src/pages/home/aboutMeHome/Description.tsx": {"path":"D:/proyectos/Portafolio/src/pages/home/aboutMeHome/Description.tsx","statementMap":{"0":{"start":{"line":120,"column":20},"end":{"line":144,"column":null}},"1":{"start":{"line":122,"column":2},"end":{"line":142,"column":null}}},"fnMap":{"0":{"name":"(anonymous_0)","decl":{"start":{"line":120,"column":20},"end":{"line":120,"column":26}},"loc":{"start":{"line":120,"column":26},"end":{"line":144,"column":null}}}},"branchMap":{},"s":{"0":0,"1":0},"f":{"0":0},"b":{}}
,"D:/proyectos/Portafolio/src/pages/home/cvSection/CvSection.tsx": {"path":"D:/proyectos/Portafolio/src/pages/home/cvSection/CvSection.tsx","statementMap":{"0":{"start":{"line":16,"column":28},"end":{"line":77,"column":null}},"1":{"start":{"line":79,"column":52},"end":{"line":138,"column":null}},"2":{"start":{"line":80,"column":2},"end":{"line":136,"column":null}},"3":{"start":{"line":92,"column":16},"end":{"line":97,"column":null}},"4":{"start":{"line":140,"column":28},"end":{"line":229,"column":null}},"5":{"start":{"line":141,"column":30},"end":{"line":141,"column":null}},"6":{"start":{"line":143,"column":27},"end":{"line":145,"column":null}},"7":{"start":{"line":144,"column":4},"end":{"line":144,"column":null}},"8":{"start":{"line":147,"column":2},"end":{"line":227,"column":null}},"9":{"start":{"line":163,"column":27},"end":{"line":163,"column":null}},"10":{"start":{"line":173,"column":27},"end":{"line":173,"column":null}},"11":{"start":{"line":183,"column":27},"end":{"line":183,"column":null}},"12":{"start":{"line":193,"column":27},"end":{"line":193,"column":null}},"13":{"start":{"line":207,"column":12},"end":{"line":207,"column":null}}},"fnMap":{"0":{"name":"(anonymous_0)","decl":{"start":{"line":79,"column":52},"end":{"line":79,"column":53}},"loc":{"start":{"line":79,"column":69},"end":{"line":138,"column":null}}},"1":{"name":"(anonymous_1)","decl":{"start":{"line":91,"column":32},"end":{"line":91,"column":33}},"loc":{"start":{"line":92,"column":16},"end":{"line":97,"column":null}}},"2":{"name":"(anonymous_2)","decl":{"start":{"line":140,"column":28},"end":{"line":140,"column":34}},"loc":{"start":{"line":140,"column":34},"end":{"line":229,"column":null}}},"3":{"name":"(anonymous_3)","decl":{"start":{"line":143,"column":43},"end":{"line":143,"column":44}},"loc":{"start":{"line":144,"column":4},"end":{"line":144,"column":null}}},"4":{"name":"(anonymous_4)","decl":{"start":{"line":163,"column":21},"end":{"line":163,"column":27}},"loc":{"start":{"line":163,"column":27},"end":{"line":163,"column":null}}},"5":{"name":"(anonymous_5)","decl":{"start":{"line":173,"column":21},"end":{"line":173,"column":27}},"loc":{"start":{"line":173,"column":27},"end":{"line":173,"column":null}}},"6":{"name":"(anonymous_6)","decl":{"start":{"line":183,"column":21},"end":{"line":183,"column":27}},"loc":{"start":{"line":183,"column":27},"end":{"line":183,"column":null}}},"7":{"name":"(anonymous_7)","decl":{"start":{"line":193,"column":21},"end":{"line":193,"column":27}},"loc":{"start":{"line":193,"column":27},"end":{"line":193,"column":null}}},"8":{"name":"(anonymous_8)","decl":{"start":{"line":206,"column":32},"end":{"line":206,"column":33}},"loc":{"start":{"line":207,"column":12},"end":{"line":207,"column":null}}}},"branchMap":{"0":{"loc":{"start":{"line":101,"column":15},"end":{"line":109,"column":null}},"type":"binary-expr","locations":[{"start":{"line":101,"column":15},"end":{"line":101,"column":null}},{"start":{"line":102,"column":16},"end":{"line":109,"column":null}}]},"1":{"loc":{"start":{"line":111,"column":15},"end":{"line":119,"column":null}},"type":"binary-expr","locations":[{"start":{"line":111,"column":15},"end":{"line":111,"column":null}},{"start":{"line":112,"column":16},"end":{"line":119,"column":null}}]},"2":{"loc":{"start":{"line":144,"column":4},"end":{"line":144,"column":null}},"type":"cond-expr","locations":[{"start":{"line":144,"column":23},"end":{"line":144,"column":30}},{"start":{"line":144,"column":30},"end":{"line":144,"column":null}}]},"3":{"loc":{"start":{"line":165,"column":14},"end":{"line":167,"column":null}},"type":"cond-expr","locations":[{"start":{"line":166,"column":18},"end":{"line":166,"column":null}},{"start":{"line":167,"column":18},"end":{"line":167,"column":null}}]},"4":{"loc":{"start":{"line":175,"column":14},"end":{"line":177,"column":null}},"type":"cond-expr","locations":[{"start":{"line":176,"column":18},"end":{"line":176,"column":null}},{"start":{"line":177,"column":18},"end":{"line":177,"column":null}}]},"5":{"loc":{"start":{"line":185,"column":14},"end":{"line":187,"column":null}},"type":"cond-expr","locations":[{"start":{"line":186,"column":18},"end":{"line":186,"column":null}},{"start":{"line":187,"column":18},"end":{"line":187,"column":null}}]},"6":{"loc":{"start":{"line":195,"column":14},"end":{"line":197,"column":null}},"type":"cond-expr","locations":[{"start":{"line":196,"column":18},"end":{"line":196,"column":null}},{"start":{"line":197,"column":18},"end":{"line":197,"column":null}}]}},"s":{"0":0,"1":0,"2":0,"3":0,"4":0,"5":0,"6":0,"7":0,"8":0,"9":0,"10":0,"11":0,"12":0,"13":0},"f":{"0":0,"1":0,"2":0,"3":0,"4":0,"5":0,"6":0,"7":0,"8":0},"b":{"0":[0,0],"1":[0,0],"2":[0,0],"3":[0,0],"4":[0,0],"5":[0,0],"6":[0,0]}}
,"D:/proyectos/Portafolio/src/pages/home/heroSection/Hero.tsx": {"path":"D:/proyectos/Portafolio/src/pages/home/heroSection/Hero.tsx","statementMap":{"0":{"start":{"line":8,"column":13},"end":{"line":72,"column":null}},"1":{"start":{"line":10,"column":32},"end":{"line":10,"column":null}},"2":{"start":{"line":12,"column":2},"end":{"line":70,"column":null}},"3":{"start":{"line":27,"column":20},"end":{"line":29,"column":null}}},"fnMap":{"0":{"name":"(anonymous_0)","decl":{"start":{"line":8,"column":13},"end":{"line":8,"column":19}},"loc":{"start":{"line":8,"column":19},"end":{"line":72,"column":null}}},"1":{"name":"(anonymous_1)","decl":{"start":{"line":26,"column":38},"end":{"line":26,"column":39}},"loc":{"start":{"line":27,"column":20},"end":{"line":29,"column":null}}}},"branchMap":{},"s":{"0":0,"1":0,"2":0,"3":0},"f":{"0":0,"1":0},"b":{}}
,"D:/proyectos/Portafolio/src/pages/home/heroSection/useHero.tsx": {"path":"D:/proyectos/Portafolio/src/pages/home/heroSection/useHero.tsx","statementMap":{"0":{"start":{"line":3,"column":16},"end":{"line":37,"column":null}},"1":{"start":{"line":5,"column":15},"end":{"line":8,"column":null}},"2":{"start":{"line":10,"column":20},"end":{"line":10,"column":null}},"3":{"start":{"line":11,"column":36},"end":{"line":11,"column":null}},"4":{"start":{"line":12,"column":22},"end":{"line":12,"column":null}},"5":{"start":{"line":14,"column":1},"end":{"line":29,"column":null}},"6":{"start":{"line":15,"column":25},"end":{"line":25,"column":null}},"7":{"start":{"line":16,"column":29},"end":{"line":16,"column":null}},"8":{"start":{"line":18,"column":6},"end":{"line":22,"column":null}},"9":{"start":{"line":19,"column":8},"end":{"line":19,"column":null}},"10":{"start":{"line":21,"column":8},"end":{"line":21,"column":null}},"11":{"start":{"line":24,"column":6},"end":{"line":24,"column":null}},"12":{"start":{"line":27,"column":4},"end":{"line":27,"column":null}},"13":{"start":{"line":28,"column":4},"end":{"line":28,"column":null}},"14":{"start":{"line":28,"column":17},"end":{"line":28,"column":null}},"15":{"start":{"line":31,"column":1},"end":{"line":36,"column":null}}},"fnMap":{"0":{"name":"(anonymous_0)","decl":{"start":{"line":3,"column":16},"end":{"line":3,"column":22}},"loc":{"start":{"line":3,"column":22},"end":{"line":37,"column":null}}},"1":{"name":"(anonymous_1)","decl":{"start":{"line":14,"column":11},"end":{"line":14,"column":17}},"loc":{"start":{"line":14,"column":17},"end":{"line":29,"column":5}}},"2":{"name":"(anonymous_2)","decl":{"start":{"line":15,"column":25},"end":{"line":15,"column":31}},"loc":{"start":{"line":15,"column":31},"end":{"line":25,"column":null}}},"3":{"name":"(anonymous_3)","decl":{"start":{"line":28,"column":11},"end":{"line":28,"column":17}},"loc":{"start":{"line":28,"column":17},"end":{"line":28,"column":null}}}},"branchMap":{"0":{"loc":{"start":{"line":18,"column":6},"end":{"line":22,"column":null}},"type":"if","locations":[{"start":{"line":18,"column":6},"end":{"line":22,"column":null}},{"start":{"line":20,"column":13},"end":{"line":22,"column":null}}]}},"s":{"0":0,"1":0,"2":0,"3":0,"4":0,"5":0,"6":0,"7":0,"8":0,"9":0,"10":0,"11":0,"12":0,"13":0,"14":0,"15":0},"f":{"0":0,"1":0,"2":0,"3":0},"b":{"0":[0,0]}}
,"D:/proyectos/Portafolio/src/store/ScrollerStore.tsx": {"path":"D:/proyectos/Portafolio/src/store/ScrollerStore.tsx","statementMap":{"0":{"start":{"line":3,"column":24},"end":{"line":17,"column":null}},"1":{"start":{"line":4,"column":35},"end":{"line":4,"column":null}},"2":{"start":{"line":5,"column":37},"end":{"line":5,"column":null}},"3":{"start":{"line":7,"column":22},"end":{"line":10,"column":null}},"4":{"start":{"line":8,"column":2},"end":{"line":8,"column":null}},"5":{"start":{"line":9,"column":2},"end":{"line":9,"column":null}},"6":{"start":{"line":12,"column":1},"end":{"line":16,"column":null}}},"fnMap":{"0":{"name":"(anonymous_0)","decl":{"start":{"line":3,"column":24},"end":{"line":3,"column":30}},"loc":{"start":{"line":3,"column":30},"end":{"line":17,"column":null}}},"1":{"name":"(anonymous_1)","decl":{"start":{"line":7,"column":22},"end":{"line":7,"column":23}},"loc":{"start":{"line":7,"column":64},"end":{"line":10,"column":null}}}},"branchMap":{},"s":{"0":0,"1":0,"2":0,"3":0,"4":0,"5":0,"6":0},"f":{"0":0,"1":0},"b":{}}
,"D:/proyectos/Portafolio/src/utils/useVisibility.tsx": {"path":"D:/proyectos/Portafolio/src/utils/useVisibility.tsx","statementMap":{"0":{"start":{"line":3,"column":29},"end":{"line":21,"column":null}},"1":{"start":{"line":5,"column":35},"end":{"line":5,"column":null}},"2":{"start":{"line":7,"column":2},"end":{"line":18,"column":null}},"3":{"start":{"line":8,"column":4},"end":{"line":8,"column":null}},"4":{"start":{"line":8,"column":22},"end":{"line":8,"column":null}},"5":{"start":{"line":10,"column":21},"end":{"line":13,"column":null}},"6":{"start":{"line":11,"column":19},"end":{"line":11,"column":null}},"7":{"start":{"line":15,"column":4},"end":{"line":15,"column":null}},"8":{"start":{"line":17,"column":4},"end":{"line":17,"column":null}},"9":{"start":{"line":17,"column":17},"end":{"line":17,"column":null}},"10":{"start":{"line":20,"column":2},"end":{"line":20,"column":null}}},"fnMap":{"0":{"name":"(anonymous_0)","decl":{"start":{"line":3,"column":29},"end":{"line":3,"column":30}},"loc":{"start":{"line":3,"column":104},"end":{"line":21,"column":null}}},"1":{"name":"(anonymous_1)","decl":{"start":{"line":7,"column":12},"end":{"line":7,"column":18}},"loc":{"start":{"line":7,"column":18},"end":{"line":18,"column":5}}},"2":{"name":"(anonymous_2)","decl":{"start":{"line":11,"column":6},"end":{"line":11,"column":7}},"loc":{"start":{"line":11,"column":19},"end":{"line":11,"column":null}}},"3":{"name":"(anonymous_3)","decl":{"start":{"line":17,"column":11},"end":{"line":17,"column":17}},"loc":{"start":{"line":17,"column":17},"end":{"line":17,"column":null}}}},"branchMap":{"0":{"loc":{"start":{"line":8,"column":4},"end":{"line":8,"column":null}},"type":"if","locations":[{"start":{"line":8,"column":4},"end":{"line":8,"column":null}},{"start":{},"end":{}}]},"1":{"loc":{"start":{"line":12,"column":6},"end":{"line":12,"column":null}},"type":"binary-expr","locations":[{"start":{"line":12,"column":6},"end":{"line":12,"column":17}},{"start":{"line":12,"column":17},"end":{"line":12,"column":null}}]}},"s":{"0":0,"1":0,"2":0,"3":0,"4":0,"5":0,"6":0,"7":0,"8":0,"9":0,"10":0},"f":{"0":0,"1":0,"2":0,"3":0},"b":{"0":[0,0],"1":[0,0]}}
,"D:/proyectos/Portafolio/vitest-example/HelloWorld.tsx": {"path":"D:/proyectos/Portafolio/vitest-example/HelloWorld.tsx","statementMap":{"0":{"start":{"line":4,"column":2},"end":{"line":7,"column":null}}},"fnMap":{"0":{"name":"HelloWorld","decl":{"start":{"line":3,"column":24},"end":{"line":3,"column":35}},"loc":{"start":{"line":3,"column":63},"end":{"line":9,"column":null}}}},"branchMap":{},"s":{"0":1},"f":{"0":1},"b":{}}
}
